<?xml version="1.0" encoding="UTF-8" ?>
<testsuite errors="0" failures="0" hostname="SFT-OIS29309" name="ToDoListTest" skipped="0" tests="4" time="0.194" timestamp="2020-03-25T07:25:31">
  <properties>
[...]
</properties>
  <testcase classname="ToDoListTest" name="testAddTask" time="0.002" />
  <testcase classname="ToDoListTest" name="testGetCompletedTasks" time="0.0" />
  <testcase classname="ToDoListTest" name="testgetStatus" time="0.0" />
  <testcase classname="ToDoListTest" name="testRemoveTask" time="0.0" />
  <system-out><![CDATA[]]></system-out>
  <system-err><![CDATA[]]></system-err>
</testsuite>
